AppJS/android/app/build/intermediates/manifest_merge_blame_file/release/manifest-merger-blame-release-report.txt
1<?xml version="1.0" encoding="utf-8"?>
2<manifest xmlns:android="http://schemas.android.com/apk/res/android"
3    package="com.org.hungthinhcorp.id.mobilepoc"
4    android:versionCode="1"
5    android:versionName="1.0" >
6
7    <uses-sdk
8        android:minSdkVersion="16"
8-->src/main/AndroidManifest.xml
9        android:targetSdkVersion="29" />
9-->src/main/AndroidManifest.xml
10
11    <uses-permission android:name="android.permission.INTERNET" />
11-->src/main/AndroidManifest.xml:4:5-67
11-->src/main/AndroidManifest.xml:4:22-64
12
13    <application
13-->src/main/AndroidManifest.xml:6:5-30:19
14        android:name="com.org.hungthinhcorp.id.mobilepoc.MainApplication"
14-->src/main/AndroidManifest.xml:7:7-38
15        android:allowBackup="false"
15-->src/main/AndroidManifest.xml:10:7-34
16        android:appComponentFactory="androidx.core.app.CoreComponentFactory"
16-->[androidx.core:core:1.1.0] AndroidManifest.xml:24:18-86
17        android:icon="@mipmap/ic_launcher"
17-->src/main/AndroidManifest.xml:9:7-41
18        android:label="@string/app_name"
18-->src/main/AndroidManifest.xml:8:7-39
19        android:theme="@style/AppTheme" >
19-->src/main/AndroidManifest.xml:11:7-38
20        <activity
20-->src/main/AndroidManifest.xml:12:7-28:18
21            android:name="com.org.hungthinhcorp.id.mobilepoc.MainActivity"
21-->src/main/AndroidManifest.xml:13:9-37
22            android:configChanges="keyboard|keyboardHidden|orientation|screenSize|uiMode"
22-->src/main/AndroidManifest.xml:15:9-86
23            android:label="@string/app_name"
23-->src/main/AndroidManifest.xml:14:9-41
24            android:launchMode="singleTask"
24-->src/main/AndroidManifest.xml:16:9-40
25            android:windowSoftInputMode="adjustResize" >
25-->src/main/AndroidManifest.xml:17:9-51
26            <intent-filter>
26-->src/main/AndroidManifest.xml:18:9-21:25
27                <action android:name="android.intent.action.MAIN" />
27-->src/main/AndroidManifest.xml:19:13-65
27-->src/main/AndroidManifest.xml:19:21-62
28
29                <category android:name="android.intent.category.LAUNCHER" />
29-->src/main/AndroidManifest.xml:20:13-73
29-->src/main/AndroidManifest.xml:20:23-70
30            </intent-filter>
31            <intent-filter>
31-->src/main/AndroidManifest.xml:22:11-27:27
32                <action android:name="android.intent.action.VIEW" />
32-->src/main/AndroidManifest.xml:23:15-67
32-->src/main/AndroidManifest.xml:23:23-64
33
34                <category android:name="android.intent.category.DEFAULT" />
34-->src/main/AndroidManifest.xml:24:15-74
34-->src/main/AndroidManifest.xml:24:25-71
35                <category android:name="android.intent.category.BROWSABLE" />
35-->src/main/AndroidManifest.xml:25:15-76
35-->src/main/AndroidManifest.xml:25:25-73
36
37                <data
37-->src/main/AndroidManifest.xml:26:15-73
38                    android:host="welcome"
38-->src/main/AndroidManifest.xml:26:48-70
39                    android:scheme="mobilepoc" />
39-->src/main/AndroidManifest.xml:26:21-47
40            </intent-filter>
41        </activity>
42        <activity android:name="com.facebook.react.devsupport.DevSettingsActivity" />
42-->src/main/AndroidManifest.xml:29:7-84
42-->src/main/AndroidManifest.xml:29:17-81
43        <activity android:name="com.proyecto26.inappbrowser.ChromeTabsManagerActivity" >
43-->[:react-native-inappbrowser-reborn] AndroidManifest.xml:14:9-15:20
43-->[:react-native-inappbrowser-reborn] AndroidManifest.xml:14:19-87
44        </activity>
45
46        <provider
46-->[:react-native-webview] AndroidManifest.xml:12:9-20:20
47            android:name="com.reactnativecommunity.webview.RNCWebViewFileProvider"
47-->[:react-native-webview] AndroidManifest.xml:13:13-83
48            android:authorities="com.org.hungthinhcorp.id.mobilepoc.fileprovider"
48-->[:react-native-webview] AndroidManifest.xml:14:13-64
49            android:exported="false"
49-->[:react-native-webview] AndroidManifest.xml:15:13-37
50            android:grantUriPermissions="true" >
50-->[:react-native-webview] AndroidManifest.xml:16:13-47
51            <meta-data
51-->[:react-native-webview] AndroidManifest.xml:17:13-19:63
52                android:name="android.support.FILE_PROVIDER_PATHS"
52-->[:react-native-webview] AndroidManifest.xml:18:17-67
53                android:resource="@xml/file_provider_paths" />
53-->[:react-native-webview] AndroidManifest.xml:19:17-60
54        </provider>
55
56        <activity
56-->[net.openid:appauth:0.7.1] AndroidManifest.xml:27:9-31:75
57            android:name="net.openid.appauth.AuthorizationManagementActivity"
57-->[net.openid:appauth:0.7.1] AndroidManifest.xml:28:13-78
58            android:exported="false"
58-->[net.openid:appauth:0.7.1] AndroidManifest.xml:29:13-37
59            android:launchMode="singleTask"
59-->[net.openid:appauth:0.7.1] AndroidManifest.xml:30:13-44
60            android:theme="@android:style/Theme.Translucent.NoTitleBar" />
60-->[net.openid:appauth:0.7.1] AndroidManifest.xml:31:13-72
61        <activity
61-->[net.openid:appauth:0.7.1] AndroidManifest.xml:32:9-43:20
62            android:name="net.openid.appauth.RedirectUriReceiverActivity"
62-->[net.openid:appauth:0.7.1] AndroidManifest.xml:33:13-74
63            android:exported="true" >
63-->[net.openid:appauth:0.7.1] AndroidManifest.xml:34:13-36
64            <intent-filter>
64-->[net.openid:appauth:0.7.1] AndroidManifest.xml:35:13-42:29
65                <action android:name="android.intent.action.VIEW" />
65-->src/main/AndroidManifest.xml:23:15-67
65-->src/main/AndroidManifest.xml:23:23-64
66
67                <category android:name="android.intent.category.DEFAULT" />
67-->src/main/AndroidManifest.xml:24:15-74
67-->src/main/AndroidManifest.xml:24:25-71
68                <category android:name="android.intent.category.BROWSABLE" />
68-->src/main/AndroidManifest.xml:25:15-76
68-->src/main/AndroidManifest.xml:25:25-73
69
70                <data android:scheme="com.org.hungthinhcorp.id.mobilepoc" />
70-->src/main/AndroidManifest.xml:26:15-73
70-->src/main/AndroidManifest.xml:26:21-47
71            </intent-filter>
72        </activity>
73    </application>
74
75</manifest>